
[2025-08-03 17:37:59] Results:
==============================================================================================
Function Name                  Category        Count      Total Duration  Avg Duration    Std Duration   
==============================================================================================
bio_associate_blkg_from_css    bio             1          2               2.00            0.00           
delete_from_page_cache_batch   os_page_cache   294        629             2.00            0.41           
do_sym                         libc            161        387             2.00            0.55           
ext4_file_getattr              ext4            7          14              2.00            0.00           
ext4_file_open                 ext4            41         82              2.00            0.22           
ext4_file_read_iter            ext4            51         122             2.00            1.50           
fcntl                          sys             30         60              2.00            0.26           
filemap_get_folios_tag         os_page_cache   59         120             2.00            0.41           
folio_account_cleaned          os_page_cache   2          4               2.00            0.00           
folio_mapping                  os_page_cache   1592       3792            2.00            1.75           
folio_wait_stable              os_page_cache   18         48              2.00            1.41           
getcwd                         sys             7          19              2.00            0.70           
iomap_adjust_read_range.isra.0 iomap           1          2               2.00            0.00           
iomap_file_buffered_write_punch_delalloc iomap           14         39              2.00            2.83           
lseek                          custom1         6          16              2.00            1.49           
readlink                       sys             2622       6877            2.00            1.35           
shmem_get_unmapped_area        shm             8          23              2.00            0.93           
shmem_lock                     shm             6          13              2.00            0.37           
vfs_get_link                   vfs             52         113             2.00            0.85           
vfs_readlink                   vfs             420        868             2.00            0.35           
xfs_alloc_check_irec           xfs             1          2               2.00            0.00           
xfs_alloc_compute_diff         xfs             1          2               2.00            0.00           
xfs_alloc_fix_len              xfs             1          2               2.00            0.00           
xfs_alloc_log_agf              xfs             3          7               2.00            0.47           
xfs_alloc_longest_free_extent  xfs             1          2               2.00            0.00           
xfs_alloc_min_freelist         xfs             1          2               2.00            0.00           
xfs_alloc_space_available      xfs             2          5               2.00            0.50           
xfs_alloc_vextent_check_args   xfs             1          2               2.00            0.00           
xfs_buf_hold                   xfs             1          2               2.00            0.00           
xfs_buf_item_free_format       xfs             1          2               2.00            0.00           
xfs_buf_item_get_format        xfs             1          2               2.00            0.00           
xfs_buf_item_init              xfs             9          24              2.00            1.89           
xfs_buf_item_log               xfs             7          14              2.00            0.00           
xfs_buf_item_pin               xfs             3          7               2.00            0.47           
xfs_buf_lock                   xfs             8          17              2.00            0.33           
xfs_buf_offset                 xfs             12         25              2.00            0.28           
xfs_buf_rele                   xfs             9          18              2.00            0.00           
xfs_buf_set_ref                xfs             6          12              2.00            0.00           
xfs_buf_trylock                xfs             1          2               2.00            0.00           
xfs_buf_unlock                 xfs             6          12              2.00            0.00           
xfs_cntbt_key_diff             xfs             1          2               2.00            0.00           
xfs_dabuf_map.constprop.0      xfs             3          6               2.00            0.00           
xfs_da_compname                xfs             4          8               2.00            0.00           
xfs_da_hashname                xfs             7          14              2.00            0.00           
xfs_extent_busy_clear          xfs             7          14              2.00            0.00           
xfs_extent_busy_trim           xfs             1          2               2.00            0.00           
xfs_file_llseek                xfs             1          2               2.00            0.00           
xfs_file_open                  xfs             8          17              2.00            0.33           
xfs_finobt_init_ptr_from_cur   xfs             3          6               2.00            0.00           
xfs_fs_drop_inode              xfs             4          8               2.00            0.00           
xfs_ifork_init_attr            xfs             2          4               2.00            0.00           
xfs_ifork_zapped               xfs             4          8               2.00            0.00           
xfs_ilock_for_iomap            xfs             15         41              2.00            1.48           
xfs_inode_item_attr_fork_size  xfs             7          14              2.00            0.00           
xfs_inode_item_committing      xfs             116        323             2.00            0.86           
xfs_inode_item_data_fork_size  xfs             10         22              2.00            0.40           
xfs_inode_item_format_attr_fork xfs             7          14              2.00            0.00           
xfs_inode_item_format_data_fork xfs             16         37              2.00            0.58           
xfs_inode_item_pin             xfs             2          4               2.00            0.00           
xfs_inode_item_precommit       xfs             9          22              2.00            0.96           
xfs_inode_item_release         xfs             8          16              2.00            0.50           
xfs_inode_item_sort            xfs             7          17              2.00            1.05           
xfs_inode_near_dquot_enforcement xfs             3          6               2.00            0.00           
xfs_inode_set_eofblocks_tag    xfs             7          15              2.00            0.35           
xfs_inode_validate_cowextsize  xfs             3          6               2.00            0.00           
xfs_iomap_inode_sequence       xfs             1          2               2.00            0.00           
xfs_iomap_prealloc_size.constprop.0.isra.0 xfs             9          24              2.00            0.47           
xfs_lookup_get_search_key      xfs             3          6               2.00            0.00           
_ZN5Timer14getElapsedTimeEv    test_posix      8          20              2.00            1.00           
_ZNKSt6chrono10time_pointINS_3_V212system_clockENS_8durationIlSt5ratioILl1ELl1000000000EEEEE16time_since_epochEv test_posix      12         28              2.00            0.47           
_ZNKSt6chrono8durationIdSt5ratioILl1ELl1EEE5countEv test_posix      12         28              2.00            0.47           
_ZNKSt6chrono8durationIlSt5ratioILl1ELl1000000000EEE5countEv test_posix      18         44              2.00            0.96           
_ZNSt6chrono15duration_valuesIlE4zeroEv test_posix      8          19              2.00            0.70           
_ZNSt6chrono8durationIlSt5ratioILl1ELl1000000000EEEC1IlvEERKT_ test_posix      14         32              2.00            0.45           
_ZNSt8__detail14__to_chars_lenIjEEjT_i test_posix      4          10              2.00            0.50           
_ZNSt8__detail18__to_chars_10_implIjEEvPcjT_ test_posix      4          10              2.00            0.50           
_ZSt4moveIRNSt7__cxx1112basic_stringIcSt11char_traitsIcESaIcEEEEONSt16remove_referenceIT_E4typeEOS8_ test_posix      8          18              2.00            0.43           
cfree@GLIBC_2.2.5              libc            89132      306827          3.00            109.41         
eventfd2                       sys             5          17              3.00            1.02           
ext4_file_mmap                 ext4            5          15              3.00            2.00           
filemap_alloc_folio            os_page_cache   5139       19091           3.00            1.54           
filemap_check_errors           os_page_cache   14         54              3.00            4.69           
filemap_remove_folio           os_page_cache   17         52              3.00            3.54           
fnmatch@@GLIBC_2.2.5           libc            896        2774            3.00            0.83           
folio_clear_dirty_for_io       os_page_cache   1          3               3.00            0.00           
iomap_readpage_iter            iomap           14         43              3.00            0.26           
iomap_write_end                iomap           262147     794649          3.00            0.45           
madvise                        sys             2          6               3.00            0.00           
openlog_internal               libc            2          6               3.00            0.00           
process_vm_readv               sys             2          7               3.00            1.50           
strchr_ifunc                   libc            33         128             3.00            0.41           
vfs_iter_read                  vfs             80         302             3.00            1.68           
xfs_alloc_compute_aligned      xfs             2          7               3.00            1.50           
xfs_alloc_update               xfs             1          3               3.00            0.00           
xfs_buf_find_lock              xfs             73         243             3.00            1.10           
xfs_fs_show_options            xfs             1          3               3.00            0.00           
xfs_fs_statfs                  xfs             1          3               3.00            0.00           
xfs_inode_clear_eofblocks_tag  xfs             2          6               3.00            1.00           
xfs_inode_needs_inactive       xfs             4          12              3.00            1.73           
xfs_inode_to_log_dinode        xfs             116        356             3.00            0.96           
xfs_readdir                    xfs             52         160             3.00            1.16           
_ZN5Timer10resumeTimeEv        test_posix      6          19              3.00            1.07           
_ZN9__gnu_cxx17__is_null_pointerIKcEEbPT_ test_posix      1          3               3.00            0.00           
_ZNSt6chrono8durationIdSt5ratioILl1ELl1EEEC1IdvEERKT_ test_posix      6          22              3.00            0.47           
_ZSt10__distanceIPKcENSt15iterator_traitsIT_E15difference_typeES3_S3_St26random_access_iterator_tag test_posix      1          3               3.00            0.00           
_ZSt19__iterator_categoryIPKcENSt15iterator_traitsIT_E17iterator_categoryERKS3_ test_posix      1          3               3.00            0.00           
bio_add_folio                  bio             1          4               4.00            0.00           
bio_associate_blkg             bio             1          4               4.00            0.00           
faccessat2                     sys             46         214             4.00            1.51           
fault_in_readable              os_page_cache   1008       4339            4.00            2.84           
filemap_get_entry              os_page_cache   791        3244            4.00            3.03           
_fini                          test_posix      2          8               4.00            0.00           
folio_unlock                   os_page_cache   717        3434            4.00            3.38           
_init                          test_posix      1          4               4.00            0.00           
register_tm_clones             test_posix      1          4               4.00            0.00           
shmctl@@GLIBC_2.2.5            libc            15         68              4.00            1.20           
statfs                         sys             11         45              4.00            3.96           
vfs_getattr                    vfs             108        449             4.00            0.77           
xfs_alloc_get_rec              xfs             2          8               4.00            1.00           
xfs_alloc_update_counters      xfs             1          4               4.00            0.00           
xfs_buffered_write_delalloc_punch xfs             1          4               4.00            0.00           
xfs_buf_item_format_segment    xfs             72         327             4.00            3.73           
xfs_buf_item_size              xfs             72         332             4.00            2.90           
xfs_bunmapi_range              xfs             2          8               4.00            1.00           
xfs_file_readdir               xfs             52         243             4.00            1.48           
xfs_inode_item_size            xfs             116        536             4.00            1.77           
xfs_iomap_valid                xfs             550        2691            4.00            3.16           
_ZNSt11char_traitsIcE6lengthEPKc test_posix      1          4               4.00            0.00           
_ZNSt6chrono8durationIdSt5ratioILl1ELl1EEEC2IdvEERKT_ test_posix      6          25              4.00            0.90           
access                         sys             37         188             5.00            3.69           
_int_memalign                  libc            43         219             5.00            3.35           
iomap_dirty_folio              iomap           12         70              5.00            4.30           
readlinkat                     sys             28         155             5.00            1.52           
vfs_fstat                      vfs             947        4969            5.00            4.11           
xfs_buf_get_map                xfs             73         392             5.00            1.90           
xfs_buf_item_free              xfs             1          5               5.00            0.00           
xfs_buf_item_size_segment.isra.0 xfs             32         164             5.00            2.65           
_ZStplIcSt11char_traitsIcESaIcEENSt7__cxx1112basic_stringIT_T0_T1_EEOS8_PKS5_ test_posix      4          22              5.00            0.50           
bio_alloc_bioset               bio             1          6               6.00            0.00           
deregister_tm_clones           test_posix      2          12              6.00            2.00           
fdopen@@GLIBC_2.2.5            libc            8          55              6.00            1.27           
mprotect                       sys             231        1546            6.00            10.40          
pipe                           sys             8          51              6.00            1.73           
shmem_kernel_file_setup        shm             6          37              6.00            1.34           
vfs_getattr_nosec              vfs             1238       8492            6.00            3.49           
xfs_buffered_write_iomap_end   xfs             18         109             6.00            2.84           
xfs_buf_item_format            xfs             72         452             6.00            3.80           
xfs_buf_item_put               xfs             8          52              6.00            8.76           
xfs_buf_item_release           xfs             72         490             6.00            3.85           
xfs_read_iomap_begin           xfs             1          6               6.00            0.00           
close                          custom1         3466       26145           7.00            197.19         
ext4_bread                     ext4            3          22              7.00            2.49           
llseek@GLIBC_2.2.5             libc            15         115             7.00            3.07           
newfstat                       sys             947        6697            7.00            4.36           
xfs_buffered_write_iomap_begin xfs             35         277             7.00            6.36           
xfs_buf_read_map               xfs             73         543             7.00            2.77           
xfs_file_release               xfs             29         217             7.00            16.37          
_ZNSt7__cxx1112basic_stringIcSt11char_traitsIcESaIcEEC1IS3_EEmcRKS3_ test_posix      4          29              7.00            4.38           
_ZNSt7__cxx1112basic_stringIcSt11char_traitsIcESaIcEEC2IS3_EEmcRKS3_ test_posix      4          30              7.00            4.56           
iomap_write_begin              iomap           262153     2227463         8.00            5.27           
opendir_tail                   libc            487        4064            8.00            4.46           
process_vm_writev              sys             4          33              8.00            4.26           
xfs_alloc_lookup_eq            xfs             3          25              8.00            4.19           
xfs_alloc_vextent_finish       xfs             1          8               8.00            0.00           
xfs_buf_item_committing        xfs             72         614             8.00            4.29           
xfs_file_write_checks          xfs             3          25              8.00            1.70           
xfs_inode_item_format          xfs             116        941             8.00            2.57           
xfs_inode_mark_reclaimable     xfs             30         269             8.00            2.36           
iomap_write_delalloc_release   iomap           1          9               9.00            0.00           
vfs_fstatat                    vfs             1280       12061           9.00            5.06           
_ZStplIcSt11char_traitsIcESaIcEENSt7__cxx1112basic_stringIT_T0_T1_EEOS8_S9_ test_posix      4          38              9.00            4.56           
frame_dummy                    test_posix      1          10              10.00           0.00           
xfs_buf_item_relse             xfs             1          10              10.00           0.00           
xfs_filemap_fault              xfs             17         184             10.00           29.37          
xfs_fs_destroy_inode           xfs             30         327             10.00           2.74           
_ZNSt6chrono8durationIlSt5ratioILl1ELl1000000000EEE4zeroEv test_posix      8          85              10.00           3.43           
filemap_write_and_wait_range   os_page_cache   960        10564           11.00           165.13         
newfstatat                     sys             1281       14324           11.00           5.22           
ext4_readdir                   ext4            5          60              12.00           8.20           
__do_global_dtors_aux          test_posix      2          26              13.00           2.00           
iomap_iter                     iomap           40         532             13.00           10.93          
_ZNSt6chrono20__duration_cast_implINS_8durationIdSt5ratioILl1ELl1EEEES2_ILl1ELl1000000000EEdLb1ELb0EE6__castIlS5_EES4_RKNS1_IT_T0_EE test_posix      6          82              13.00           2.21           
_ZSt8distanceIPKcENSt15iterator_traitsIT_E15difference_typeES3_S3_ test_posix      1          13              13.00           0.00           
filemap_add_folio              os_page_cache   26773      405614          15.00           9.53           
iomap_add_to_ioend             iomap           1          15              15.00           0.00           
iomap_page_mkwrite             iomap           17         255             15.00           4.38           
xfs_alloc_cur_check            xfs             2          30              15.00           6.00           
xfs_da_read_buf                xfs             3          46              15.00           0.47           
xfs_read_agf                   xfs             1          15              15.00           0.00           
xfs_read_agi                   xfs             42         644             15.00           5.92           
_ZNSt6chrono10time_pointINS_3_V212system_clockENS_8durationIlSt5ratioILl1ELl1000000000EEEEEC1Ev test_posix      8          120             15.00           5.15           
_ZNSt6chrono10time_pointINS_3_V212system_clockENS_8durationIlSt5ratioILl1ELl1000000000EEEEEC2Ev test_posix      8          123             15.00           5.45           
_ZNSt6chronomiIlSt5ratioILl1ELl1000000000EElS2_EENSt11common_typeIJNS_8durationIT_T0_EENS4_IT1_T2_EEEE4typeERKS7_RKSA_ test_posix      6          93              15.00           4.07           
iomap_submit_ioend             iomap           1          16              16.00           0.00           
iomap_zero_iter                iomap           1          16              16.00           0.00           
_ZStplIcSt11char_traitsIcESaIcEENSt7__cxx1112basic_stringIT_T0_T1_EERKS8_PKS5_ test_posix      2          32              16.00           4.00           
fclose@@GLIBC_2.2.5            libc            260        4840            18.00           6.69           
shm_unlink@GLIBC_2.2.5         libc            4          75              18.00           3.27           
shm_unlink@@GLIBC_2.34         libc            4          72              18.00           2.92           
xfs_alloc_read_agf             xfs             1          18              18.00           0.00           
xfs_alloc_read_agfl            xfs             1          18              18.00           0.00           
xfs_release                    xfs             7          129             18.00           28.13          
_ZNSt6chrono13duration_castINS_8durationIdSt5ratioILl1ELl1EEEElS2_ILl1ELl1000000000EEEENSt9enable_ifIXsrNS_13__is_durationIT_EE5valueES8_E4typeERKNS1_IT0_T1_EE test_posix      6          109             18.00           3.08           
filemap_fdatawrite_wbc         os_page_cache   21         416             19.00           76.58          
openat                         custom1         3842       81764           21.00           82.09          
xfs_filemap_page_mkwrite       xfs             17         367             21.00           12.95          
_ZN5TimerC1Ev                  test_posix      8          168             21.00           7.86           
_ZN5TimerC2Ev                  test_posix      8          172             21.00           8.69           
_ZNSt7__cxx119to_stringEi      test_posix      4          91              22.00           9.91           
shm_open@@GLIBC_2.34           libc            4          97              24.00           5.49           
xfs_file_mmap                  xfs             7          188             26.00           3.98           
clone3                         libc            7          189             27.00           5.24           
_ZNSt6chrono8durationIdSt5ratioILl1ELl1EEEC1IlS1_ILl1ELl1000000000EEvEERKNS0_IT_T0_EE test_posix      6          170             28.00           5.25           
_ZNSt6chrono8durationIdSt5ratioILl1ELl1EEEC2IlS1_ILl1ELl1000000000EEvEERKNS0_IT_T0_EE test_posix      6          173             28.00           5.55           
_ZNSt6chronomiINS_3_V212system_clockENS_8durationIlSt5ratioILl1ELl1000000000EEEES6_EENSt11common_typeIJT0_T1_EE4typeERKNS_10time_pointIT_S8_EERKNSC_ISD_S9_EE test_posix      6          170             28.00           6.42           
fopen@@GLIBC_2.2.5             libc            263        7826            29.00           68.09          
xfs_alloc_walk_iter            xfs             1          34              34.00           0.00           
iomap_zero_range               iomap           1          37              37.00           0.00           
_Z9test_openPKci               test_posix      1          39              39.00           0.00           
_ZNSt7__cxx1112basic_stringIcSt11char_traitsIcESaIcEEC1IS3_EEPKcRKS3_ test_posix      1          42              42.00           0.00           
_ZNSt7__cxx1112basic_stringIcSt11char_traitsIcESaIcEEC2IS3_EEPKcRKS3_ test_posix      1          43              43.00           0.00           
realpath@@GLIBC_2.3            libc            222        10155           45.00           13.69          
xfs_alloc_fixup_trees          xfs             1          45              45.00           0.00           
xfs_alloc_cur_finish           xfs             1          48              48.00           0.00           
xfs_alloc_fix_freelist         xfs             1          69              69.00           0.00           
_ZN5Timer9pauseTimeEv          test_posix      6          416             69.00           14.56          
_Z10test_closei                test_posix      2          144             72.00           37.00          
xfs_alloc_vextent_prepare_ag   xfs             1          73              73.00           0.00           
iomap_readahead                iomap           1          74              74.00           0.00           
xfs_vm_readahead               xfs             1          78              78.00           0.00           
unlink                         sys             26         2109            81.00           62.41          
vfs_unlink                     vfs             20         1770            88.00           51.93          
mkdir                          sys             18         1711            95.00           95.81          
xfs_remove                     xfs             30         3112            103.00          28.22          
xfs_alloc_ag_vextent_near      xfs             1          104             104.00          0.00           
vfs_rmdir                      vfs             14         1626            116.00          23.38          
rmdir                          sys             14         1723            123.00          22.93          
munmap                         sys             367        55517           151.00          1736.82        
vfs_mkdir                      vfs             9          1579            175.00          43.70          
xfs_alloc_vextent_iterate_ags.constprop.0 xfs             1          182             182.00          0.00           
ioctl                          sys             885        172005          194.00          1883.49        
xfs_alloc_vextent_start_ag     xfs             1          199             199.00          0.00           
xfs_map_blocks                 xfs             1          295             295.00          0.00           
_Z14test_open_permPKcii        test_posix      1          313             313.00          0.00           
iomap_writepage_map            iomap           1          317             317.00          0.00           
iomap_do_writepage             iomap           1          320             320.00          0.00           
vfs_read                       vfs             3152       1075948         341.00          16343.70       
read                           custom1         3140       1082012         344.00          16375.00       
iomap_writepages               iomap           1          355             355.00          0.00           
xfs_vm_writepages              xfs             1          358             358.00          0.00           
mremap                         sys             4          1600            400.00          393.74         
glob64@@GLIBC_2.27             libc            2          1610            805.00          41.00          
glob@@GLIBC_2.27               libc            2          1610            805.00          41.00          
folio_wait_bit                 os_page_cache   1          4746            4746.00         0.00           
folio_wait_writeback           os_page_cache   1          4754            4754.00         0.00           
ftruncate                      custom1         1          5202            5202.00         0.00           
write                          custom1         172        3678268         21385.00        278699.00      
vfs_write                      vfs             170        3677755         21633.00        280324.00      
iomap_write_iter               iomap           16         3665430         229089.00       442373.00      
xfs_file_buffered_read         xfs             1          904967          904967.00       0.00           
xfs_file_read_iter             xfs             1          904974          904974.00       0.00           
_Z9test_readiPvl               test_posix      1          905002          905002.00       0.00           
iomap_file_buffered_write      iomap           3          3665918         1221972.00      1728060.00     
xfs_file_buffered_write        xfs             3          3665959         1221986.00      1728060.00     
xfs_file_write_iter            xfs             3          3665968         1221989.00      1728060.00     
_Z10test_writeiPKvl            test_posix      1          3665859         3665859.00      0.00           
main                           test_posix      1          5452435         5452435.00      0.00           
==============================================================================================
[2025-08-03 17:38:01] Total unique functions: 267
