
[2025-08-03 18:51:59] Results:
==============================================================================================
Function Name                  Category        Count      Total Duration  Avg Duration    Std Duration   
==============================================================================================
bio_add_folio                  bio             1          6               6.00            0.00           
eventfd2                       sys             1          6               6.00            0.00           
ext4_bread                     ext4            2          13              6.00            0.50           
lseek                          custom1         2          12              6.00            0.00           
process_vm_readv               sys             1          6               6.00            0.00           
readlinkat                     sys             1          6               6.00            0.00           
xfs_buf_find_lock              xfs             6          40              6.00            0.94           
xfs_buf_item_free              xfs             3          18              6.00            0.00           
_ZStplIcSt11char_traitsIcESaIcEENSt7__cxx1112basic_stringIT_T0_T1_EEOS8_PKS5_ test_posix      1          6               6.00            0.00           
access                         sys             17         127             7.00            2.17           
bio_associate_blkg             bio             1          7               7.00            0.00           
faccessat2                     sys             17         119             7.00            0.91           
fdopen@@GLIBC_2.2.5            libc            12         86              7.00            0.99           
iomap_write_delalloc_release   iomap           1          7               7.00            0.00           
pipe                           sys             9          68              7.00            1.07           
process_vm_writev              sys             2          15              7.00            0.50           
xfs_alloc_compute_aligned      xfs             2          14              7.00            0.00           
xfs_alloc_update_counters      xfs             2          15              7.00            0.50           
xfs_buffered_write_iomap_end   xfs             10         73              7.00            2.83           
xfs_buf_item_release           xfs             52         383             7.00            2.62           
xfs_inode_item_format_attr_fork xfs             1          7               7.00            0.00           
fclose@@GLIBC_2.2.5            libc            381        3215            8.00            7.98           
filemap_alloc_folio            os_page_cache   140        1147            8.00            1.90           
iomap_readpage_iter            iomap           1          8               8.00            0.00           
iomap_write_end                iomap           110        948             8.00            1.57           
opendir_tail                   libc            135        1136            8.00            4.41           
shmctl@@GLIBC_2.2.5            libc            8          66              8.00            3.38           
shmem_kernel_file_setup        shm             8          70              8.00            3.93           
xfs_alloc_cur_check            xfs             82         735             8.00            3.99           
xfs_alloc_get_rec              xfs             3          26              8.00            3.09           
xfs_buf_get_map                xfs             30         246             8.00            3.52           
xfs_buf_item_committing        xfs             98         854             8.00            3.36           
xfs_buf_item_format            xfs             48         414             8.00            3.43           
xfs_buf_item_format_segment    xfs             14         125             8.00            4.35           
xfs_buf_item_init              xfs             4          34              8.00            1.50           
xfs_buf_item_relse             xfs             13         109             8.00            3.34           
xfs_buf_item_size              xfs             42         355             8.00            5.09           
xfs_buf_item_size_segment.isra.0 xfs             9          75              8.00            1.15           
xfs_buf_read_map               xfs             83         700             8.00            3.69           
xfs_file_readdir               xfs             7          61              8.00            3.41           
xfs_file_write_checks          xfs             5          41              8.00            1.83           
xfs_inode_item_format          xfs             151        1291            8.00            3.29           
xfs_inode_item_size            xfs             15         132             8.00            3.76           
xfs_inode_mark_reclaimable     xfs             30         245             8.00            1.71           
xfs_readdir                    xfs             2          17              8.00            0.50           
_ZNSt6chrono8durationIlSt5ratioILl1ELl1000000000EEE4zeroEv test_posix      8          69              8.00            2.29           
llseek@GLIBC_2.2.5             libc            15         138             9.00            4.92           
mprotect                       sys             176        1735            9.00            16.53          
shmem_get_unmapped_area        shm             2          19              9.00            2.50           
xfs_inode_item_committing      xfs             5          45              9.00            2.61           
xfs_iomap_valid                xfs             64         577             9.00            2.15           
bio_alloc_bioset               bio             2          20              10.00           4.00           
_int_memalign                  libc            36         380             10.00           6.18           
readlink                       sys             18         183             10.00           3.77           
xfs_inode_to_log_dinode        xfs             4          42              10.00           3.57           
_ZNSt7__cxx1112basic_stringIcSt11char_traitsIcESaIcEEC1IS3_EEmcRKS3_ test_posix      2          20              10.00           0.00           
_ZNSt7__cxx1112basic_stringIcSt11char_traitsIcESaIcEEC2IS3_EEmcRKS3_ test_posix      2          21              10.00           0.50           
__do_global_dtors_aux          test_posix      2          22              11.00           1.00           
do_sym                         libc            3          34              11.00           3.09           
filemap_get_folios_tag         os_page_cache   4          45              11.00           4.82           
filemap_remove_folio           os_page_cache   7          80              11.00           2.92           
folio_mapping                  os_page_cache   142        1588            11.00           4.79           
iomap_dirty_folio              iomap           9          100             11.00           3.41           
iomap_file_buffered_write_punch_delalloc iomap           1          11              11.00           0.00           
newfstat                       sys             320        3599            11.00           1.81           
statfs                         sys             3          35              11.00           4.03           
xfs_buf_item_put               xfs             14         162             11.00           3.56           
xfs_fs_destroy_inode           xfs             30         356             11.00           3.62           
_ZSt8distanceIPKcENSt15iterator_traitsIT_E15difference_typeES3_S3_ test_posix      2          22              11.00           0.00           
filemap_check_errors           os_page_cache   4          51              12.00           1.48           
xfs_alloc_vextent_finish       xfs             2          25              12.00           0.50           
xfs_buffered_write_iomap_begin xfs             22         274             12.00           5.84           
_ZNSt6chrono20__duration_cast_implINS_8durationIdSt5ratioILl1ELl1EEEES2_ILl1ELl1000000000EEdLb1ELb0EE6__castIlS5_EES4_RKNS1_IT_T0_EE test_posix      6          73              12.00           2.34           
_ZStplIcSt11char_traitsIcESaIcEENSt7__cxx1112basic_stringIT_T0_T1_EERKS8_PKS5_ test_posix      2          25              12.00           0.50           
folio_account_cleaned          os_page_cache   6          81              13.00           1.80           
frame_dummy                    test_posix      2          26              13.00           3.00           
iomap_zero_iter                iomap           2          27              13.00           0.50           
madvise                        sys             1          13              13.00           0.00           
xfs_inode_item_format_data_fork xfs             1          13              13.00           0.00           
_ZNSt6chrono10time_pointINS_3_V212system_clockENS_8durationIlSt5ratioILl1ELl1000000000EEEEEC1Ev test_posix      8          111             13.00           4.99           
_ZNSt6chronomiIlSt5ratioILl1ELl1000000000EElS2_EENSt11common_typeIJNS_8durationIT_T0_EENS4_IT1_T2_EEEE4typeERKS7_RKSA_ test_posix      6          81              13.00           2.63           
_ZStplIcSt11char_traitsIcESaIcEENSt7__cxx1112basic_stringIT_T0_T1_EEOS8_S9_ test_posix      2          27              13.00           0.50           
iomap_page_mkwrite             iomap           33         472             14.00           5.18           
newfstatat                     sys             1532       21456           14.00           24.80          
xfs_alloc_lookup_eq            xfs             5          72              14.00           5.75           
_ZNSt6chrono10time_pointINS_3_V212system_clockENS_8durationIlSt5ratioILl1ELl1000000000EEEEEC2Ev test_posix      8          112             14.00           5.22           
ext4_readdir                   ext4            6          98              16.00           2.29           
filemap_write_and_wait_range   os_page_cache   858        14447           16.00           207.07         
shm_unlink@GLIBC_2.2.5         libc            8          132             16.00           6.75           
xfs_da_read_buf                xfs             4          66              16.00           1.12           
iomap_write_begin              iomap           30635      544180          17.00           9.32           
shm_unlink@@GLIBC_2.34         libc            8          136             17.00           6.06           
xfs_read_agi                   xfs             53         921             17.00           6.45           
_ZNSt6chrono13duration_castINS_8durationIdSt5ratioILl1ELl1EEEElS2_ILl1ELl1000000000EEEENSt9enable_ifIXsrNS_13__is_durationIT_EE5valueES8_E4typeERKNS1_IT0_T1_EE test_posix      6          105             17.00           2.93           
xfs_read_agf                   xfs             2          37              18.00           0.50           
iomap_iter                     iomap           33         630             19.00           10.19          
filemap_add_folio              os_page_cache   17620      360284          20.00           1.85           
xfs_filemap_page_mkwrite       xfs             33         686             20.00           12.37          
_ZN5TimerC1Ev                  test_posix      8          165             20.00           7.47           
_ZN5TimerC2Ev                  test_posix      8          160             20.00           8.09           
_ZNSt7__cxx119to_stringEi      test_posix      4          81              20.00           8.26           
xfs_alloc_read_agf             xfs             2          43              21.00           0.50           
xfs_alloc_read_agfl            xfs             2          43              21.00           6.50           
xfs_ilock_for_iomap            xfs             1          21              21.00           0.00           
iomap_add_to_ioend             iomap           2          44              22.00           7.00           
shm_open@@GLIBC_2.34           libc            8          195             24.00           5.96           
xfs_file_release               xfs             8          207             25.00           26.44          
xfs_file_mmap                  xfs             14         365             26.00           4.37           
clone3                         libc            14         391             27.00           8.67           
openat                         custom1         4158       113107          27.00           82.12          
_ZNSt6chrono8durationIdSt5ratioILl1ELl1EEEC1IlS1_ILl1ELl1000000000EEvEERKNS0_IT_T0_EE test_posix      6          162             27.00           5.03           
_ZNSt6chrono8durationIdSt5ratioILl1ELl1EEEC2IlS1_ILl1ELl1000000000EEvEERKNS0_IT_T0_EE test_posix      6          162             27.00           5.03           
_ZNSt6chronomiINS_3_V212system_clockENS_8durationIlSt5ratioILl1ELl1000000000EEEES6_EENSt11common_typeIJT0_T1_EE4typeERKNS_10time_pointIT_S8_EERKNSC_ISD_S9_EE test_posix      6          162             27.00           5.16           
fopen@@GLIBC_2.2.5             libc            388        12662           32.00           82.02          
xfs_inode_item_precommit       xfs             11         366             33.00           7.06           
iomap_zero_range               iomap           2          71              35.00           0.50           
_ZNSt7__cxx1112basic_stringIcSt11char_traitsIcESaIcEEC1IS3_EEPKcRKS3_ test_posix      2          77              38.00           0.50           
_Z9test_openPKci               test_posix      1          39              39.00           0.00           
realpath@@GLIBC_2.3            libc            314        12745           40.00           11.44          
_ZNSt7__cxx1112basic_stringIcSt11char_traitsIcESaIcEEC2IS3_EEPKcRKS3_ test_posix      2          81              40.00           0.50           
xfs_release                    xfs             3          156             52.00           16.99          
xfs_alloc_fixup_trees          xfs             2          107             53.00           0.50           
xfs_alloc_cur_finish           xfs             2          116             58.00           1.00           
iomap_readahead                iomap           2          118             59.00           2.00           
xfs_vm_readahead               xfs             2          129             64.00           1.50           
_ZN5Timer9pauseTimeEv          test_posix      6          394             65.00           12.55          
_Z10test_closei                test_posix      2          139             69.00           36.50          
xfs_alloc_fix_freelist         xfs             2          159             79.00           10.50          
glob@@GLIBC_2.27               libc            4          327             81.00           41.35          
glob64@@GLIBC_2.27             libc            4          328             82.00           41.10          
xfs_alloc_vextent_prepare_ag   xfs             2          168             84.00           10.00          
unlink                         sys             25         2284            91.00           71.55          
xfs_filemap_fault              xfs             2          233             116.00          6.50           
xfs_remove                     xfs             30         3538            117.00          34.80          
rmdir                          sys             14         1831            130.00          22.45          
munmap                         sys             400        55044           137.00          1716.16        
close                          custom1         68         11207           164.00          699.27         
mkdir                          sys             19         3617            190.00          72.60          
_Z14test_open_permPKcii        test_posix      1          372             372.00          0.00           
ioctl                          sys             390        156003          400.00          1881.76        
xfs_alloc_walk_iter            xfs             2          882             441.00          323.00         
mremap                         sys             7          3562            508.00          436.82         
xfs_alloc_ag_vextent_near      xfs             2          1063            531.00          327.50         
xfs_alloc_vextent_iterate_ags.constprop.0 xfs             2          1244            622.00          338.00         
xfs_alloc_vextent_start_ag     xfs             2          1301            650.00          343.50         
read                           custom1         1604       1057332         659.00          21996.60       
xfs_map_blocks                 xfs             2          1515            757.00          362.50         
iomap_writepage_map            iomap           2          1574            787.00          371.00         
iomap_do_writepage             iomap           2          1581            790.00          372.50         
folio_wait_bit                 os_page_cache   2          2054            1027.00         981.00         
folio_wait_writeback           os_page_cache   2          2066            1033.00         981.00         
filemap_fdatawrite_wbc         os_page_cache   6          6347            1057.00         1850.64        
iomap_submit_ioend             iomap           2          4670            2335.00         2292.00        
iomap_writepages               iomap           2          6296            3148.00         1917.00        
xfs_vm_writepages              xfs             2          6303            3151.00         1916.50        
ftruncate                      custom1         2          8534            4267.00         937.00         
write                          custom1         166        2361668         14226.00        182053.00      
iomap_write_iter               iomap           22         2352520         106932.00       169896.00      
iomap_file_buffered_write      iomap           5          2353176         470635.00       941037.00      
xfs_file_buffered_write        xfs             5          2353253         470650.00       941038.00      
xfs_file_write_iter            xfs             5          2353272         470654.00       941039.00      
xfs_file_buffered_read         xfs             1          874030          874030.00       0.00           
xfs_file_read_iter             xfs             1          874036          874036.00       0.00           
_Z9test_readiPvl               test_posix      1          874059          874059.00       0.00           
_Z10test_writeiPKvl            test_posix      1          2352752         2352752.00      0.00           
main                           test_posix      2          11414825        5707412.00      614811.00      
==============================================================================================
[2025-08-03 18:52:01] Total unique functions: 166
